<?xml version="1.0" encoding="UTF-8"?>
<testsuite name="com.example.rqchallenge.RqChallengeApplicationTests" tests="7" skipped="0" failures="0" errors="0" timestamp="2023-10-16T04:50:04" hostname="GP-K4WWTYJR0W" time="0.031">
  <properties/>
  <testcase name="getTopTenHighestEarningEmployeeNames()" classname="com.example.rqchallenge.RqChallengeApplicationTests" time="0.017"/>
  <testcase name="deleteEmployee()" classname="com.example.rqchallenge.RqChallengeApplicationTests" time="0.002"/>
  <testcase name="getEmployeeById()" classname="com.example.rqchallenge.RqChallengeApplicationTests" time="0.002"/>
  <testcase name="testGetAllEmployees()" classname="com.example.rqchallenge.RqChallengeApplicationTests" time="0.002"/>
  <testcase name="getHighestSalaryOfEmployees()" classname="com.example.rqchallenge.RqChallengeApplicationTests" time="0.002"/>
  <testcase name="getEmployeesByNameSearch()" classname="com.example.rqchallenge.RqChallengeApplicationTests" time="0.002"/>
  <testcase name="createEmployee()" classname="com.example.rqchallenge.RqChallengeApplicationTests" time="0.002"/>
  <system-out><![CDATA[10:20:03.504 [Test worker] INFO  [] o.s.b.t.c.SpringBootTestContextBootstrapper - Neither @ContextConfiguration nor @ContextHierarchy found for test class [com.example.rqchallenge.RqChallengeApplicationTests], using SpringBootContextLoader
10:20:03.507 [Test worker] INFO  [] o.s.t.c.s.AbstractContextLoader - Could not detect default resource locations for test class [com.example.rqchallenge.RqChallengeApplicationTests]: no resource found for suffixes {-context.xml, Context.groovy}.
10:20:03.507 [Test worker] INFO  [] o.s.t.c.s.AnnotationConfigContextLoaderUtils - Could not detect default configuration classes for test class [com.example.rqchallenge.RqChallengeApplicationTests]: RqChallengeApplicationTests does not declare any static, non-private, non-final, nested classes annotated with @Configuration.
10:20:03.548 [Test worker] INFO  [] o.s.b.t.c.SpringBootTestContextBootstrapper - Found @SpringBootConfiguration com.example.rqchallenge.RqChallengeApplication for test class com.example.rqchallenge.RqChallengeApplicationTests
10:20:03.586 [Test worker] INFO  [] o.s.b.t.c.SpringBootTestContextBootstrapper - Loaded default TestExecutionListener class names from location [META-INF/spring.factories]: [org.springframework.boot.test.autoconfigure.restdocs.RestDocsTestExecutionListener, org.springframework.boot.test.autoconfigure.web.client.MockRestServiceServerResetTestExecutionListener, org.springframework.boot.test.autoconfigure.web.servlet.MockMvcPrintOnlyOnFailureTestExecutionListener, org.springframework.boot.test.autoconfigure.web.servlet.WebDriverTestExecutionListener, org.springframework.boot.test.autoconfigure.webservices.client.MockWebServiceServerTestExecutionListener, org.springframework.boot.test.mock.mockito.MockitoTestExecutionListener, org.springframework.boot.test.mock.mockito.ResetMocksTestExecutionListener, org.springframework.test.context.web.ServletTestExecutionListener, org.springframework.test.context.support.DirtiesContextBeforeModesTestExecutionListener, org.springframework.test.context.event.ApplicationEventsTestExecutionListener, org.springframework.test.context.support.DependencyInjectionTestExecutionListener, org.springframework.test.context.support.DirtiesContextTestExecutionListener, org.springframework.test.context.transaction.TransactionalTestExecutionListener, org.springframework.test.context.jdbc.SqlScriptsTestExecutionListener, org.springframework.test.context.event.EventPublishingTestExecutionListener]
10:20:03.590 [Test worker] INFO  [] o.s.b.t.c.SpringBootTestContextBootstrapper - Using TestExecutionListeners: [org.springframework.test.context.web.ServletTestExecutionListener@1761de10, org.springframework.test.context.support.DirtiesContextBeforeModesTestExecutionListener@22df874e, org.springframework.test.context.event.ApplicationEventsTestExecutionListener@654c1a54, org.springframework.boot.test.mock.mockito.MockitoTestExecutionListener@5bdaf2ce, org.springframework.boot.test.autoconfigure.SpringBootDependencyInjectionTestExecutionListener@42d236fb, org.springframework.test.context.support.DirtiesContextTestExecutionListener@1ce93c18, org.springframework.test.context.event.EventPublishingTestExecutionListener@19f21b6b, org.springframework.boot.test.autoconfigure.restdocs.RestDocsTestExecutionListener@1532c619, org.springframework.boot.test.autoconfigure.web.client.MockRestServiceServerResetTestExecutionListener@46044faa, org.springframework.boot.test.autoconfigure.web.servlet.MockMvcPrintOnlyOnFailureTestExecutionListener@1358b28e, org.springframework.boot.test.autoconfigure.web.servlet.WebDriverTestExecutionListener@1a78dacd, org.springframework.boot.test.autoconfigure.webservices.client.MockWebServiceServerTestExecutionListener@19f9d595, org.springframework.boot.test.mock.mockito.ResetMocksTestExecutionListener@7de4a01f]

  .   ____          _            __ _ _
 /\\ / ___'_ __ _ _(_)_ __  __ _ \ \ \ \
( ( )\___ | '_ | '_| | '_ \/ _` | \ \ \ \
 \\/  ___)| |_)| | | | | || (_| |  ) ) ) )
  '  |____| .__|_| |_|_| |_\__, | / / / /
 =========|_|==============|___/=/_/_/_/
 :: Spring Boot ::                (v2.6.1)

10:20:03.741 [Test worker] INFO  [] c.e.r.RqChallengeApplicationTests - Starting RqChallengeApplicationTests using Java 11.0.19 on GP-K4WWTYJR0W with PID 52750 (started by ssingh1 in /Users/ssingh1/java-employee-challenge)
10:20:03.741 [Test worker] INFO  [] c.e.r.RqChallengeApplicationTests - No active profile set, falling back to default profiles: default
10:20:03.750 [background-preinit] INFO  [] o.h.validator.internal.util.Version - HV000001: Hibernate Validator 6.2.0.Final
10:20:04.659 [Test worker] INFO  [] o.s.b.a.e.web.EndpointLinksResolver - Exposing 1 endpoint(s) beneath base path '/actuator'
10:20:04.677 [Test worker] INFO  [] c.e.r.RqChallengeApplicationTests - Started RqChallengeApplicationTests in 1.065 seconds (JVM running for 1.554)
10:20:04.737 [Test worker] INFO  [] c.e.r.e.c.EmployeeController - Getting all employees
]]></system-out>
  <system-err><![CDATA[]]></system-err>
</testsuite>
